2024-04-12 12:37:42,995 - INFO - Application with session name: "#,UY:" is launching...
2024-04-12 12:37:42,995 - INFO - Creating application loader window...
2024-04-12 12:37:43,023 - INFO - The application loader window is created.
2024-04-12 12:37:43,023 - INFO - Application configuring the loader window...
2024-04-12 12:37:43,025 - INFO - Application configured the loader window.
2024-04-12 12:37:43,041 - INFO - Creating application root window...
2024-04-12 12:37:43,067 - INFO - The application root window is created.
2024-04-12 12:37:43,074 - INFO - Loading the service data from "config\local_data.picke" directory...
2024-04-12 12:37:43,074 - INFO - Checking if the service data file exists...
2024-04-12 12:37:43,074 - WARNING - No service data in the "config\local_data.picke" directory. Application will create the new one.
2024-04-12 12:37:43,075 - INFO - The service data was saved in "config\local_data.picke" directory.
2024-04-12 12:37:43,078 - INFO - Checking if the service data is valid...
2024-04-12 12:37:43,079 - INFO - The service data is valid.
2024-04-12 12:37:43,079 - INFO - The service data was loaded from "config\local_data.picke" directory.
2024-04-12 12:37:43,081 - INFO - Loading the application data from "config\local_app_data.json" directory...
2024-04-12 12:37:43,081 - INFO - Validating incoming application data...
2024-04-12 12:37:43,081 - WARNING - Application found invalid values that can be replaced by default ones.
2024-04-12 12:37:43,081 - WARNING - Application found invalid values that can be replaced by default ones.
2024-04-12 12:37:43,081 - INFO - Application validated the application data.
2024-04-12 12:37:43,081 - INFO - Checking if the application data was modified...
2024-04-12 12:37:43,081 - INFO - Application configuring the root window...
2024-04-12 12:37:43,081 - INFO - The application cannot check if the application data was modified.
[WinError 3] Системе не удается найти указанный путь: ''
2024-04-12 12:37:43,082 - INFO - The application data was not modified
2024-04-12 12:37:43,083 - INFO - Preparing menu for displaying...
2024-04-12 12:37:43,088 - INFO - Application menu is ready.
2024-04-12 12:37:43,090 - INFO - Setting the cursor values...
2024-04-12 12:37:43,132 - INFO - Configuring buttons...
2024-04-12 12:37:43,132 - WARNING - Application did not configured any buttons.
2024-04-12 12:37:43,148 - INFO - Application configured the root window.
2024-04-12 12:37:43,149 - INFO - Destroying application loader window...
2024-04-12 12:37:43,150 - INFO - The application loader window is destroyed.
2024-04-12 12:37:43,156 - INFO - Application launched. Launch duration: 0.16 s.
2024-04-12 12:37:56,156 - INFO - Creating application root window...
2024-04-12 12:37:56,188 - INFO - The application root window is created.
2024-04-12 12:37:58,855 - INFO - Destroying application root window...
2024-04-12 12:37:58,870 - INFO - The application root window is destroyed.
2024-04-12 12:37:59,000 - INFO - Application with session name: "v{v=X" is launching...
2024-04-12 12:37:59,000 - INFO - Creating application loader window...
2024-04-12 12:37:59,030 - INFO - The application loader window is created.
2024-04-12 12:37:59,030 - INFO - Application configuring the loader window...
2024-04-12 12:37:59,031 - INFO - Application configured the loader window.
2024-04-12 12:37:59,045 - INFO - Creating application root window...
2024-04-12 12:37:59,069 - INFO - The application root window is created.
2024-04-12 12:37:59,073 - INFO - Loading the service data from "config\local_data.picke" directory...
2024-04-12 12:37:59,073 - INFO - Checking if the service data file exists...
2024-04-12 12:37:59,073 - INFO - The service data file exists.
2024-04-12 12:37:59,073 - INFO - Checking if the service data is valid...
2024-04-12 12:37:59,073 - INFO - The service data is valid.
2024-04-12 12:37:59,074 - INFO - The service data was loaded from "config\local_data.picke" directory.
2024-04-12 12:37:59,074 - INFO - Loading the application data from "config\local_app_data.json" directory...
2024-04-12 12:37:59,074 - INFO - Validating incoming application data...
2024-04-12 12:37:59,074 - WARNING - Application found invalid values that can be replaced by default ones.
2024-04-12 12:37:59,074 - WARNING - Application found invalid values that can be replaced by default ones.
2024-04-12 12:37:59,074 - INFO - Application validated the application data.
2024-04-12 12:37:59,075 - INFO - Checking if the application data was modified...
2024-04-12 12:37:59,075 - INFO - Application configuring the root window...
2024-04-12 12:37:59,075 - INFO - The application cannot check if the application data was modified.
[WinError 3] Системе не удается найти указанный путь: ''
2024-04-12 12:37:59,075 - INFO - The application data was not modified
2024-04-12 12:37:59,076 - INFO - Preparing menu for displaying...
2024-04-12 12:37:59,080 - INFO - Application menu is ready.
2024-04-12 12:37:59,080 - INFO - Setting the cursor values...
2024-04-12 12:37:59,109 - INFO - Configuring buttons...
2024-04-12 12:37:59,109 - WARNING - Application did not configured any buttons.
2024-04-12 12:37:59,125 - INFO - Application configured the root window.
2024-04-12 12:37:59,126 - INFO - Destroying application loader window...
2024-04-12 12:37:59,127 - INFO - The application loader window is destroyed.
2024-04-12 12:37:59,130 - INFO - Application launched. Launch duration: 0.129 s.
2024-04-12 12:38:00,935 - INFO - Destroying application root window...
2024-04-12 12:38:00,950 - INFO - The application root window is destroyed.
2024-04-12 12:38:31,303 - INFO - Application showed an error dialog window with message: "Программа уже запущена!"
2024-04-12 12:49:54,075 - INFO - Creating application root window...
2024-04-12 12:49:54,103 - INFO - The application root window is created.
2024-04-12 12:49:55,744 - INFO - Application showed an error dialog window with message: "Программа уже запущена!"
2024-04-12 12:49:59,454 - INFO - Creating application root window...
2024-04-12 12:49:59,481 - INFO - The application root window is created.
2024-04-12 12:50:01,401 - INFO - Application showed an error dialog window with message: "Программа уже запущена!"
2024-04-12 12:50:57,393 - INFO - Application with session name: "{xbKV" is launching...
2024-04-12 12:50:57,393 - INFO - Creating application loader window...
2024-04-12 12:50:57,420 - INFO - The application loader window is created.
2024-04-12 12:50:57,420 - INFO - Application configuring the loader window...
2024-04-12 12:50:57,421 - INFO - Application configured the loader window.
2024-04-12 12:50:57,438 - INFO - Creating application root window...
2024-04-12 12:50:57,463 - INFO - The application root window is created.
2024-04-12 12:50:57,465 - INFO - Loading the service data from "config\local_data.picke" directory...
2024-04-12 12:50:57,465 - INFO - Checking if the service data file exists...
2024-04-12 12:50:57,465 - INFO - The service data file exists.
2024-04-12 12:50:57,465 - INFO - Checking if the service data is valid...
2024-04-12 12:50:57,465 - INFO - The service data is valid.
2024-04-12 12:50:57,465 - INFO - The service data was loaded from "config\local_data.picke" directory.
2024-04-12 12:50:57,467 - INFO - Loading the application data from "config\local_app_data.json" directory...
2024-04-12 12:50:57,467 - INFO - Validating incoming application data...
2024-04-12 12:50:57,467 - WARNING - Application found invalid values that can be replaced by default ones.
2024-04-12 12:50:57,467 - WARNING - Application found invalid values that can be replaced by default ones.
2024-04-12 12:50:57,467 - INFO - Application validated the application data.
2024-04-12 12:50:57,467 - INFO - Checking if the application data was modified...
2024-04-12 12:50:57,467 - INFO - Application configuring the root window...
2024-04-12 12:50:57,468 - INFO - The application cannot check if the application data was modified.
[WinError 3] Системе не удается найти указанный путь: ''
2024-04-12 12:50:57,468 - INFO - The application data was not modified
2024-04-12 12:50:57,469 - INFO - Preparing menu for displaying...
2024-04-12 12:50:57,473 - INFO - Application menu is ready.
2024-04-12 12:50:57,474 - INFO - Setting the cursor values...
2024-04-12 12:50:57,505 - INFO - Configuring buttons...
2024-04-12 12:50:57,505 - WARNING - Application did not configured any buttons.
2024-04-12 12:50:57,522 - INFO - Application configured the root window.
2024-04-12 12:50:57,522 - INFO - Destroying application loader window...
2024-04-12 12:50:57,523 - INFO - The application loader window is destroyed.
2024-04-12 12:50:57,526 - INFO - Application launched. Launch duration: 0.133 s.
2024-04-12 12:51:01,295 - INFO - Creating application root window...
2024-04-12 12:51:01,323 - INFO - The application root window is created.
2024-04-12 12:51:02,897 - INFO - Application showed an error dialog window with message: "Программа уже запущена!"
2024-04-12 12:51:05,101 - INFO - Destroying application root window...
2024-04-12 12:51:05,119 - INFO - The application root window is destroyed.
2024-04-12 12:51:07,467 - INFO - Application with session name: "gHH-?" is launching...
2024-04-12 12:51:07,467 - INFO - Creating application loader window...
2024-04-12 12:51:07,494 - INFO - The application loader window is created.
2024-04-12 12:51:07,494 - INFO - Application configuring the loader window...
2024-04-12 12:51:07,496 - INFO - Application configured the loader window.
2024-04-12 12:51:07,512 - INFO - Creating application root window...
2024-04-12 12:51:07,540 - INFO - The application root window is created.
2024-04-12 12:51:07,543 - INFO - Loading the service data from "config\local_data.picke" directory...
2024-04-12 12:51:07,543 - INFO - Checking if the service data file exists...
2024-04-12 12:51:07,543 - INFO - The service data file exists.
2024-04-12 12:51:07,543 - INFO - Checking if the service data is valid...
2024-04-12 12:51:07,543 - INFO - The service data is valid.
2024-04-12 12:51:07,543 - INFO - The service data was loaded from "config\local_data.picke" directory.
2024-04-12 12:51:07,544 - INFO - Loading the application data from "config\local_app_data.json" directory...
2024-04-12 12:51:07,544 - INFO - Validating incoming application data...
2024-04-12 12:51:07,544 - WARNING - Application found invalid values that can be replaced by default ones.
2024-04-12 12:51:07,544 - WARNING - Application found invalid values that can be replaced by default ones.
2024-04-12 12:51:07,544 - INFO - Application validated the application data.
2024-04-12 12:51:07,544 - INFO - Checking if the application data was modified...
2024-04-12 12:51:07,544 - INFO - The application cannot check if the application data was modified.
[WinError 3] Системе не удается найти указанный путь: ''
2024-04-12 12:51:07,544 - INFO - Application configuring the root window...
2024-04-12 12:51:07,544 - INFO - The application data was not modified
2024-04-12 12:51:07,545 - INFO - Preparing menu for displaying...
2024-04-12 12:51:07,549 - INFO - Application menu is ready.
2024-04-12 12:51:07,551 - INFO - Setting the cursor values...
2024-04-12 12:51:07,580 - INFO - Configuring buttons...
2024-04-12 12:51:07,580 - WARNING - Application did not configured any buttons.
2024-04-12 12:51:07,596 - INFO - Application configured the root window.
2024-04-12 12:51:07,596 - INFO - Destroying application loader window...
2024-04-12 12:51:07,597 - INFO - The application loader window is destroyed.
2024-04-12 12:51:07,600 - INFO - Application launched. Launch duration: 0.132 s.
2024-04-12 12:51:12,776 - INFO - Creating application root window...
2024-04-12 12:51:12,804 - INFO - The application root window is created.
2024-04-12 12:51:16,749 - INFO - Destroying application root window...
2024-04-12 12:51:16,763 - INFO - The application root window is destroyed.
2024-04-12 12:51:18,802 - INFO - Application showed an error dialog window with message: "Программа уже запущена!"
2024-04-12 12:51:21,067 - INFO - Application with session name: "~r9X]" is launching...
2024-04-12 12:51:21,067 - INFO - Creating application loader window...
2024-04-12 12:51:21,095 - INFO - The application loader window is created.
2024-04-12 12:51:21,095 - INFO - Application configuring the loader window...
2024-04-12 12:51:21,096 - INFO - Application configured the loader window.
2024-04-12 12:51:21,112 - INFO - Creating application root window...
2024-04-12 12:51:21,139 - INFO - The application root window is created.
2024-04-12 12:51:21,142 - INFO - Loading the service data from "config\local_data.picke" directory...
2024-04-12 12:51:21,142 - INFO - Checking if the service data file exists...
2024-04-12 12:51:21,142 - INFO - The service data file exists.
2024-04-12 12:51:21,143 - INFO - Checking if the service data is valid...
2024-04-12 12:51:21,143 - INFO - The service data is valid.
2024-04-12 12:51:21,143 - INFO - The service data was loaded from "config\local_data.picke" directory.
2024-04-12 12:51:21,143 - INFO - Loading the application data from "config\local_app_data.json" directory...
2024-04-12 12:51:21,143 - INFO - Validating incoming application data...
2024-04-12 12:51:21,143 - WARNING - Application found invalid values that can be replaced by default ones.
2024-04-12 12:51:21,143 - WARNING - Application found invalid values that can be replaced by default ones.
2024-04-12 12:51:21,143 - INFO - Application validated the application data.
2024-04-12 12:51:21,144 - INFO - Checking if the application data was modified...
2024-04-12 12:51:21,144 - INFO - Application configuring the root window...
2024-04-12 12:51:21,144 - INFO - The application cannot check if the application data was modified.
[WinError 3] Системе не удается найти указанный путь: ''
2024-04-12 12:51:21,144 - INFO - The application data was not modified
2024-04-12 12:51:21,145 - INFO - Preparing menu for displaying...
2024-04-12 12:51:21,148 - INFO - Application menu is ready.
2024-04-12 12:51:21,149 - INFO - Setting the cursor values...
2024-04-12 12:51:21,179 - INFO - Configuring buttons...
2024-04-12 12:51:21,179 - WARNING - Application did not configured any buttons.
2024-04-12 12:51:21,196 - INFO - Application configured the root window.
2024-04-12 12:51:21,196 - INFO - Destroying application loader window...
2024-04-12 12:51:21,197 - INFO - The application loader window is destroyed.
2024-04-12 12:51:21,199 - INFO - Application launched. Launch duration: 0.131 s.
2024-04-12 12:51:23,941 - INFO - Destroying application root window...
2024-04-12 12:51:23,960 - INFO - The application root window is destroyed.
